{
  "RSpec": {
    "coverage": {
      "/Users/leonelgracia/Downloads/Smart_Pension_-_Take_Home_Ruby_test (5)[1]/ruby_app/hash_request.rb": {
        "lines": [
          null,
          null,
          null,
          1,
          1,
          null,
          1,
          3,
          null,
          null,
          1,
          7,
          null,
          null,
          1,
          3,
          3,
          2,
          null,
          1,
          null,
          null,
          null,
          1,
          null,
          1,
          null,
          1,
          null,
          2,
          null,
          null,
          null,
          null,
          null,
          1,
          1,
          1,
          null,
          null,
          1,
          3,
          null,
          null
        ]
      },
      "/Users/leonelgracia/Downloads/Smart_Pension_-_Take_Home_Ruby_test (5)[1]/ruby_app/request.rb": {
        "lines": [
          null,
          null,
          null,
          1,
          1,
          null,
          1,
          5,
          5,
          null,
          null
        ]
      },
      "/Users/leonelgracia/Downloads/Smart_Pension_-_Take_Home_Ruby_test (5)[1]/ruby_app/spec/request_spec.rb": {
        "lines": [
          null,
          null,
          1,
          1,
          null,
          1,
          3,
          null,
          1,
          1,
          null,
          null,
          1,
          1,
          null,
          null
        ]
      }
    },
    "timestamp": 1655956237
  }
}
